
> frontend@1.0.0 start
> expo start --web

Starting project at /app/frontend
Starting Metro Bundler

The following packages should be updated for best compatibility with the installed expo version:
  @expo/metro-runtime@55.0.6 - expected version: ~55.0.7
  expo@55.0.8 - expected version: ~55.0.9
  react-native@0.83.2 - expected version: 0.83.4
  react-native-safe-area-context@5.7.0 - expected version: ~5.6.2
  react-native-screens@4.24.0 - expected version: ~4.23.0
Your project may not work correctly until you install the expected versions of the packages.
Waiting on http://localhost:8081
Logs for your project will appear below.
Web ./index.ts ░░░░░░░░░░░░░░░░  0.0% (0/1)
Web ./index.ts ▓▓▓▓▓▓▓▓▓░░░░░░░ 59.5% (114/172)
Web ./index.ts ▓▓▓▓▓▓▓▓▓░░░░░░░ 59.5% (248/397)
Web ./index.ts ▓▓▓▓▓▓▓▓▓░░░░░░░ 59.5% (469/752)
Web Bundled 14261ms index.ts (1003 modules)
 LOG  [web] Logs will appear in the browser console
Web ./index.ts ░░░░░░░░░░░░░░░░  0.0% (0/1)
Web Bundled 45ms index.ts (1 module)
 LOG  [web] Logs will appear in the browser console
