[GIN-debug] [WARNING] Creating an Engine instance with the Logger and Recovery middleware already attached.

[GIN-debug] [WARNING] Running in "debug" mode. Switch to "release" mode in production.
 - using env:	export GIN_MODE=release
 - using code:	gin.SetMode(gin.ReleaseMode)

[GIN-debug] GET    /api/health               --> backend/handlers.HealthCheck (4 handlers)
[GIN-debug] POST   /api/seed                 --> backend/handlers.SeedData (4 handlers)
[GIN-debug] GET    /api/items                --> backend/handlers.GetItems (4 handlers)
[GIN-debug] POST   /api/item-templates       --> backend/handlers.CreateItemTemplate (4 handlers)
[GIN-debug] POST   /api/setup-user           --> backend/handlers.SetupUser (4 handlers)
[GIN-debug] GET    /api/family/:familyId/members --> backend/handlers.GetFamilyMembers (4 handlers)
[GIN-debug] GET    /api/family/:familyId/logs --> backend/handlers.GetActivityLogs (4 handlers)
[GIN-debug] GET    /api/lists/:familyId      --> backend/handlers.GetLists (4 handlers)
[GIN-debug] POST   /api/items                --> backend/handlers.AddListItem (4 handlers)
[GIN-debug] PUT    /api/items/:id            --> backend/handlers.UpdateListItem (4 handlers)
[GIN-debug] DELETE /api/items/:id            --> backend/handlers.DeleteListItem (4 handlers)
[GIN-debug] GET    /api/chat/:familyId       --> backend/handlers.GetChatMessages (4 handlers)
[GIN-debug] POST   /api/chat                 --> backend/handlers.SendChatMessage (4 handlers)
2026/04/01 16:01:31 Server is running on port 3000
[GIN-debug] [WARNING] You trusted all proxies, this is NOT safe. We recommend you to set a value.
Please check https://pkg.go.dev/github.com/gin-gonic/gin#readme-don-t-trust-all-proxies for details.
[GIN-debug] Listening and serving HTTP on :3000
[GIN] 2026/04/01 - 16:01:34 | 404 |       1.413µs |             ::1 | GET      "/health"
[GIN] 2026/04/01 - 16:04:24 | 200 |     298.175µs |             ::1 | GET      "/api/health"
[GIN] 2026/04/01 - 16:04:24 | 200 |   25.375546ms |             ::1 | POST     "/api/seed"

2026/04/01 16:04:24 [31;1m/app/backend/handlers/user_family_handler.go:14 [35;1mrecord not found
[0m[33m[0.290ms] [34;1m[rows:0][0m SELECT * FROM `families` WHERE name = "Test Family" AND `families`.`deleted_at` IS NULL ORDER BY `families`.`id` LIMIT 1

2026/04/01 16:04:24 [31;1m/app/backend/handlers/user_family_handler.go:20 [35;1mrecord not found
[0m[33m[0.126ms] [34;1m[rows:0][0m SELECT * FROM `users` WHERE email = "test@example.com" AND `users`.`deleted_at` IS NULL ORDER BY `users`.`id` LIMIT 1
[GIN] 2026/04/01 - 16:04:24 | 200 |   16.782938ms |             ::1 | POST     "/api/setup-user"
[GIN] 2026/04/01 - 16:04:48 | 200 |     1.11079ms |             ::1 | GET      "/api/items"
[GIN] 2026/04/01 - 16:07:32 | 200 |     858.976µs |             ::1 | POST     "/api/setup-user"
[GIN] 2026/04/01 - 16:07:32 | 200 |     930.448µs |             ::1 | GET      "/api/family/e05c6afa-4493-4801-831c-350037fe6fe3/members"
[GIN] 2026/04/01 - 16:07:32 | 200 |    1.048045ms |             ::1 | GET      "/api/lists/e05c6afa-4493-4801-831c-350037fe6fe3"
[GIN] 2026/04/01 - 16:07:32 | 200 |       854.9µs |             ::1 | GET      "/api/items"
[GIN] 2026/04/01 - 16:09:56 | 200 |     778.754µs |             ::1 | POST     "/api/setup-user"
[GIN] 2026/04/01 - 16:09:56 | 200 |     289.975µs |             ::1 | GET      "/api/family/e05c6afa-4493-4801-831c-350037fe6fe3/members"
[GIN] 2026/04/01 - 16:09:56 | 200 |     949.446µs |             ::1 | GET      "/api/items"
[GIN] 2026/04/01 - 16:09:56 | 200 |     346.468µs |             ::1 | GET      "/api/lists/e05c6afa-4493-4801-831c-350037fe6fe3"
